Build started 16/12/2016 9:38:31 AM.
     1>Project "C:\Users\Terence\Desktop\AGdev\NYP_Framework\Base\Base.vcxproj" on node 2 (Build target(s)).
     1>ClCompile:
         C:\Program Files (x86)\Microsoft Visual Studio 12.0\VC\bin\CL.exe /c /IC:\Users\Terence\Desktop\AGdev\NYP_Framework\/Common/Source /IC:\Users\Terence\Desktop\AGdev\NYP_Framework\/glfw/include /IC:\Users\Terence\Desktop\AGdev\NYP_Framework\/glew/include /IC:\Users\Terence\Desktop\AGdev\NYP_Framework\/irrKlang/include /ZI /nologo /W3 /WX- /Od /Oy- /D _VARIADIC_MAX=10 /D WIN32 /D _DEBUG /D _CONSOLE /D _MBCS /Gm /EHsc /RTC1 /MDd /GS /fp:precise /Zc:wchar_t /Zc:forScope /Fo"Debug\\" /Fd"Debug\vc120.pdb" /Gd /TP /analyze- /errorReport:prompt Source\SceneAssignment1.cpp
         SceneAssignment1.cpp
     1>c:\users\terence\desktop\agdev\nyp_framework\common\source\entitybase.h(16): warning C4244: '=' : conversion from 'const int' to 'float', possible loss of data
     1>c:\users\terence\desktop\agdev\nyp_framework\common\source\entitybase.h(19): warning C4244: '=' : conversion from 'const int' to 'float', possible loss of data
     1>c:\users\terence\desktop\agdev\nyp_framework\common\source\entitybase.h(22): warning C4244: '=' : conversion from 'const int' to 'float', possible loss of data
     1>c:\users\terence\desktop\agdev\nyp_framework\common\source\entitybase.h(29): warning C4244: '=' : conversion from 'const int' to 'float', possible loss of data
     1>c:\users\terence\desktop\agdev\nyp_framework\common\source\entitybase.h(33): warning C4244: '=' : conversion from 'const int' to 'float', possible loss of data
     1>c:\users\terence\desktop\agdev\nyp_framework\common\source\entitybase.h(37): warning C4244: '=' : conversion from 'const int' to 'float', possible loss of data
       Link:
         C:\Program Files (x86)\Microsoft Visual Studio 12.0\VC\bin\link.exe /ERRORREPORT:PROMPT /OUT:"C:\Users\Terence\Desktop\AGdev\NYP_Framework\Debug\Base.exe" /INCREMENTAL:NO /NOLOGO /LIBPATH:C:\Users\Terence\Desktop\AGdev\NYP_Framework\Debug /LIBPATH:C:\Users\Terence\Desktop\AGdev\NYP_Framework\/glew/lib /LIBPATH:"C:\Users\Terence\Desktop\AGdev\NYP_Framework\/glfw/lib-msvc100" /LIBPATH:C:\Users\Terence\Desktop\AGdev\NYP_Framework\/irrKlang/lib Common.lib winmm.lib opengl32.lib glu32.lib glew32.lib glfw3.lib irrKlang.lib kernel32.lib user32.lib gdi32.lib winspool.lib comdlg32.lib advapi32.lib shell32.lib ole32.lib oleaut32.lib uuid.lib odbc32.lib odbccp32.lib /MANIFEST /MANIFESTUAC:"level='asInvoker' uiAccess='false'" /manifest:embed /DEBUG /PDB:"C:\Users\Terence\Desktop\AGdev\NYP_Framework\Debug\Base.pdb" /SUBSYSTEM:CONSOLE /TLBID:1 /DYNAMICBASE /NXCOMPAT /IMPLIB:"C:\Users\Terence\Desktop\AGdev\NYP_Framework\Debug\Base.lib" /MACHINE:X86 Debug\Application.obj
         Debug\Enemy.obj
         Debug\EntityManager.obj
         Debug\FPSCamera.obj
         Debug\GenericEntity.obj
         Debug\GroundEntity.obj
         Debug\LevelOfDetails.obj
         Debug\Light.obj
         Debug\main.obj
         Debug\OBJMesh.obj
         Debug\PlayerInfo.obj
         Debug\Grenade.obj
         Debug\Laser.obj
         Debug\Projectile.obj
         Debug\SceneAssignment1.obj
         Debug\SceneGraph.obj
         Debug\SceneNode.obj
         Debug\Transform.obj
         Debug\UpdateTransformation.obj
         Debug\SceneText.obj
         Debug\SkyBoxEntity.obj
         Debug\Sound.obj
         Debug\Grid.obj
         Debug\SpatialPartition.obj
         Debug\SpriteEntity.obj
         Debug\TextEntity.obj
         Debug\GrenadeThrow.obj
         Debug\LaserBlaster.obj
         Debug\Pistol.obj
         Debug\Rifle.obj
         Debug\WeaponInfo.obj
     1>Application.obj : warning LNK4075: ignoring '/EDITANDCONTINUE' due to '/OPT:LBR' specification
     1>LINK : warning LNK4098: defaultlib 'MSVCRT' conflicts with use of other libs; use /NODEFAULTLIB:library
     1>Sound.obj : warning LNK4099: PDB 'vc120.pdb' was not found with 'Sound.obj' or at 'C:\Users\Terence\Desktop\AGdev\NYP_Framework\Debug\vc120.pdb'; linking object as if no debug info
     1>UpdateTransformation.obj : warning LNK4099: PDB 'vc120.pdb' was not found with 'UpdateTransformation.obj' or at 'C:\Users\Terence\Desktop\AGdev\NYP_Framework\Debug\vc120.pdb'; linking object as if no debug info
     1>Transform.obj : warning LNK4099: PDB 'vc120.pdb' was not found with 'Transform.obj' or at 'C:\Users\Terence\Desktop\AGdev\NYP_Framework\Debug\vc120.pdb'; linking object as if no debug info
     1>OBJMesh.obj : warning LNK4099: PDB 'vc120.pdb' was not found with 'OBJMesh.obj' or at 'C:\Users\Terence\Desktop\AGdev\NYP_Framework\Debug\vc120.pdb'; linking object as if no debug info
     1>main.obj : warning LNK4099: PDB 'vc120.pdb' was not found with 'main.obj' or at 'C:\Users\Terence\Desktop\AGdev\NYP_Framework\Debug\vc120.pdb'; linking object as if no debug info
     1>Light.obj : warning LNK4099: PDB 'vc120.pdb' was not found with 'Light.obj' or at 'C:\Users\Terence\Desktop\AGdev\NYP_Framework\Debug\vc120.pdb'; linking object as if no debug info
     1>FPSCamera.obj : warning LNK4099: PDB 'vc120.pdb' was not found with 'FPSCamera.obj' or at 'C:\Users\Terence\Desktop\AGdev\NYP_Framework\Debug\vc120.pdb'; linking object as if no debug info
     1>Application.obj : warning LNK4099: PDB 'vc120.pdb' was not found with 'Application.obj' or at 'C:\Users\Terence\Desktop\AGdev\NYP_Framework\Debug\vc120.pdb'; linking object as if no debug info
         Base.vcxproj -> C:\Users\Terence\Desktop\AGdev\NYP_Framework\Debug\Base.exe
     1>Done Building Project "C:\Users\Terence\Desktop\AGdev\NYP_Framework\Base\Base.vcxproj" (Build target(s)).

Build succeeded.

Time Elapsed 00:00:04.26
