Build started 15/12/2016 3:53:12 PM.
     1>Project "C:\Users\Terence\Desktop\AGdev\NYP_Framework\Common\Common.vcxproj" on node 2 (Build target(s)).
     1>Lib:
         C:\Program Files (x86)\Microsoft Visual Studio 12.0\VC\bin\Lib.exe /OUT:"C:\Users\Terence\Desktop\AGdev\NYP_Framework\Debug\Common.lib" /NOLOGO Debug\CameraBase.obj
         Debug\Collider.obj
         Debug\EntityBase.obj
         Debug\GraphicsManager.obj
         Debug\KeyboardController.obj
         Debug\LightBase.obj
         Debug\LoadOBJ.obj
         Debug\LoadTGA.obj
         Debug\MathUtility.obj
         Debug\MatrixStack.obj
         Debug\Mesh.obj
         Debug\MeshBuilder.obj
         Debug\MouseController.obj
         Debug\Mtx44.obj
         Debug\RenderHelper.obj
         Debug\SceneManager.obj
         Debug\ShaderProgram.obj
         Debug\timer.obj
         Debug\Utility.obj
         Debug\Vector2.obj
         Debug\Vector3.obj
         Debug\Win32Input.obj
         Common.vcxproj -> C:\Users\Terence\Desktop\AGdev\NYP_Framework\Debug\Common.lib
     1>Done Building Project "C:\Users\Terence\Desktop\AGdev\NYP_Framework\Common\Common.vcxproj" (Build target(s)).

Build succeeded.

Time Elapsed 00:00:00.42
